This is pdfTeX, Version 3.1415926-1.40.10 (TeX Live 2009/Debian) (format=latex 2012.3.30)  28 MAY 2012 17:19
entering extended mode
 %&-line parsing enabled.
**paper.tex
(./paper.tex
LaTeX2e <2009/09/24>
Babel <v3.8l> and hyphenation patterns for english, usenglishmax, dumylang, noh
yphenation, farsi, arabic, croatian, bulgarian, ukrainian, russian, czech, slov
ak, danish, dutch, finnish, french, basque, ngerman, german, german-x-2009-06-1
9, ngerman-x-2009-06-19, ibycus, monogreek, greek, ancientgreek, hungarian, san
skrit, italian, latin, latvian, lithuanian, mongolian2a, mongolian, bokmal, nyn
orsk, romanian, irish, coptic, serbian, turkish, welsh, esperanto, uppersorbian
, estonian, indonesian, interlingua, icelandic, kurmanji, slovenian, polish, po
rtuguese, spanish, galician, catalan, swedish, ukenglish, pinyin, loaded.
(./elsart.cls
Document Class: elsart 2001/01/05, 2.18: ELM2012
\@frontmatterwidth=\dimen102
\@bls=\dimen103
\eqntopsep=\skip41
\eqnarraycolsep=\dimen104
\labelwidthi=\dimen105
\labelwidthii=\dimen106
\labelwidthiii=\dimen107
\labelwidthiv=\dimen108
\@maxlistdepth=\count79
\eqnbaselineskip=\skip42
\eqnlineskip=\skip43
\mathindent=\dimen109
\rulepreskip=\dimen110
\rulepostskip=\dimen111
\c@section=\count80
\c@subsection=\count81
\c@subsubsection=\count82
\c@paragraph=\count83
\c@subparagraph=\count84
(/usr/share/texmf-texlive/tex/latex/base/latexsym.sty
Package: latexsym 1998/08/17 v2.2e Standard LaTeX package (lasy symbols)
\symlasy=\mathgroup4
LaTeX Font Info:    Overwriting symbol font `lasy' in version `bold'
(Font)                  U/lasy/m/n --> U/lasy/b/n on input line 47.
)
\c@thm=\count85
\c@alg=\count86
\c@algorithm=\count87
\c@note=\count88
\c@summ=\count89
\c@case=\count90
\@tempcntc=\count91
\c@figure=\count92
\c@table=\count93
\t@glob@notes=\toks14
\t@loc@notes=\toks15
\note@cnt=\count94
\corauth@text=\toks16
\email@text=\toks17
\url@text=\toks18
\c@corauth=\count95
\c@author=\count96
\n@author=\count97
\c@collab=\count98
\n@collab=\count99
\c@address=\count100
\sv@mathsurround=\dimen112
\sv@hyphenpenalty=\count101
\prev@elem=\count102
\cur@elem=\count103
\fm@box=\box26
\fm@size=\dimen113
\t@abstract=\box27
\t@keyword=\box28
\t@xtheight=\dimen114
\@logoheight=\dimen115
\@pubyear=\count104
\c@firstpage=\count105
\c@lastpage=\count106
\slashbox=\box29
LaTeX Font Info:    External font `cmex10' loaded for size
(Font)              <12> on input line 1378.
LaTeX Font Info:    External font `cmex10' loaded for size
(Font)              <8> on input line 1378.
LaTeX Font Info:    External font `cmex10' loaded for size
(Font)              <6> on input line 1378.
LaTeX Font Info:    Try loading font information for U+lasy on input line 1378.


(/usr/share/texmf-texlive/tex/latex/base/ulasy.fd
File: ulasy.fd 1998/08/17 v2.2e LaTeX symbol font definitions
)
\Slashbox=\box30
LaTeX Font Info:    External font `cmex10' loaded for size
(Font)              <14.4> on input line 1379.
LaTeX Font Info:    External font `cmex10' loaded for size
(Font)              <7> on input line 1379.
) (./setbmp.tex)
(./seteps.tex) (/usr/share/texmf-texlive/tex/latex/graphics/epsfig.sty
Package: epsfig 1999/02/16 v1.7a (e)psfig emulation (SPQR)

(/usr/share/texmf-texlive/tex/latex/graphics/graphicx.sty
Package: graphicx 1999/02/16 v1.0f Enhanced LaTeX Graphics (DPC,SPQR)

(/usr/share/texmf-texlive/tex/latex/graphics/keyval.sty
Package: keyval 1999/03/16 v1.13 key=value parser (DPC)
\KV@toks@=\toks19
)
(/usr/share/texmf-texlive/tex/latex/graphics/graphics.sty
Package: graphics 2009/02/05 v1.0o Standard LaTeX Graphics (DPC,SPQR)

(/usr/share/texmf-texlive/tex/latex/graphics/trig.sty
Package: trig 1999/03/16 v1.09 sin cos tan (DPC)
)
(/etc/texmf/tex/latex/config/graphics.cfg
File: graphics.cfg 2009/08/28 v1.8 graphics configuration of TeX Live
)
Package graphics Info: Driver file: dvips.def on input line 91.

(/usr/share/texmf-texlive/tex/latex/graphics/dvips.def
File: dvips.def 1999/02/16 v3.0i Driver-dependant file (DPC,SPQR)
))
\Gin@req@height=\dimen116
\Gin@req@width=\dimen117
)
\epsfxsize=\dimen118
\epsfysize=\dimen119
)
(/usr/share/texmf-texlive/tex/latex/tools/enumerate.sty
Package: enumerate 1999/03/05 v3.00 enumerate extensions (DPC)
\@enLab=\toks20
)
(/usr/share/texmf-texlive/tex/latex/amsmath/amsmath.sty
Package: amsmath 2000/07/18 v2.13 AMS math features
\@mathmargin=\skip44

For additional information on amsmath, use the `?' option.
(/usr/share/texmf-texlive/tex/latex/amsmath/amstext.sty
Package: amstext 2000/06/29 v2.01

(/usr/share/texmf-texlive/tex/latex/amsmath/amsgen.sty
File: amsgen.sty 1999/11/30 v2.0
\@emptytoks=\toks21
\ex@=\dimen120
))
(/usr/share/texmf-texlive/tex/latex/amsmath/amsbsy.sty
Package: amsbsy 1999/11/29 v1.2d
\pmbraise@=\dimen121
)
(/usr/share/texmf-texlive/tex/latex/amsmath/amsopn.sty
Package: amsopn 1999/12/14 v2.01 operator names
LaTeX Info: Redefining \operatorname on input line 58.
)
\inf@bad=\count107
LaTeX Info: Redefining \frac on input line 211.
\uproot@=\count108
\leftroot@=\count109
LaTeX Info: Redefining \overline on input line 307.
\classnum@=\count110
\DOTSCASE@=\count111
LaTeX Info: Redefining \ldots on input line 379.
LaTeX Info: Redefining \dots on input line 382.
LaTeX Info: Redefining \cdots on input line 467.
\Mathstrutbox@=\box31
\strutbox@=\box32
\big@size=\dimen122
LaTeX Font Info:    Redeclaring font encoding OML on input line 567.
LaTeX Font Info:    Redeclaring font encoding OMS on input line 568.
\macc@depth=\count112
\c@MaxMatrixCols=\count113
\dotsspace@=\muskip10
\c@parentequation=\count114
\dspbrk@lvl=\count115
\tag@help=\toks22
\row@=\count116
\column@=\count117
\maxfields@=\count118
\andhelp@=\toks23
\eqnshift@=\dimen123
\alignsep@=\dimen124
\tagshift@=\dimen125
\tagwidth@=\dimen126
\totwidth@=\dimen127
\lineht@=\dimen128
\@envbody=\toks24
\multlinegap=\skip45
\multlinetaggap=\skip46
\mathdisplay@stack=\toks25
LaTeX Info: Redefining \[ on input line 2666.
LaTeX Info: Redefining \] on input line 2667.
)
(/usr/share/texmf-texlive/tex/latex/amscls/amsthm.sty
Package: amsthm 2004/08/06 v2.20


! LaTeX Error: Command \theoremstyle already defined.
               Or name \end... illegal, see p.192 of the manual.

See the LaTeX manual or LaTeX Companion for explanation.
Type  H <return>  for immediate help.
 ...                                              
                                                  
l.76 }
      
? 
\thm@style=\toks26
\thm@bodyfont=\toks27
\thm@headfont=\toks28
\thm@notefont=\toks29
\thm@headpunct=\toks30
\thm@preskip=\skip47
\thm@postskip=\skip48
\thm@headsep=\skip49
\dth@everypar=\toks31
LaTeX Info: Redefining \qed on input line 283.
) (/usr/share/texmf-texlive/tex/latex/amsmath/amscd.sty
Package: amscd 1999/11/29 v1.2d
\athelp@=\toks32
\minaw@=\dimen129
\bigaw@=\dimen130
\minCDarrowwidth=\dimen131
)
(/usr/share/texmf-texlive/tex/latex/amsfonts/amssymb.sty
Package: amssymb 2009/06/22 v3.00

(/usr/share/texmf-texlive/tex/latex/amsfonts/amsfonts.sty
Package: amsfonts 2009/06/22 v3.00 Basic AMSFonts support
\symAMSa=\mathgroup5
\symAMSb=\mathgroup6
LaTeX Font Info:    Overwriting math alphabet `\mathfrak' in version `bold'
(Font)                  U/euf/m/n --> U/euf/b/n on input line 96.
))
(/usr/share/texmf-texlive/tex/latex/rotating/rotating.sty
Package: rotating 2009/03/28 v2.16a rotated objects in LaTeX

(/usr/share/texmf-texlive/tex/latex/base/ifthen.sty
Package: ifthen 2001/05/26 v1.1c Standard LaTeX ifthen package (DPC)
)
\c@r@tfl@t=\count119
\rotFPtop=\skip50
\rotFPbot=\skip51
\rot@float@box=\box33
\rot@mess@toks=\toks33
)
(/usr/share/texmf-texlive/tex/latex/algorithms/algorithmic.sty
Package: algorithmic 2009/08/24 v0.1 Document Style `algorithmic'
\c@ALC@unique=\count120
\c@ALC@line=\count121
\c@ALC@rem=\count122
\c@ALC@depth=\count123
\ALC@tlm=\skip52
\algorithmicindent=\skip53
)
(/usr/share/texmf-texlive/tex/latex/algorithms/algorithm.sty
Package: algorithm 2009/08/24 v0.1 Document Style `algorithm' - floating enviro
nment

(/usr/share/texmf-texlive/tex/latex/float/float.sty
Package: float 2001/11/08 v1.3d Float enhancements (AL)
\c@float@type=\count124
\float@exts=\toks34
\float@box=\box34
\@float@everytoks=\toks35
\@floatcapt=\box35
)
\@float@every@algorithm=\toks36
)
\c@definition=\count125
\c@lemma=\count126
\c@theorem=\count127
\c@corollary=\count128
 (./paper.aux

LaTeX Warning: Label `method' multiply defined.


LaTeX Warning: Label `method' multiply defined.


LaTeX Warning: Label `method' multiply defined.


LaTeX Warning: Label `method' multiply defined.


LaTeX Warning: Label `specification' multiply defined.

)
\openout1 = `paper.aux'.

LaTeX Font Info:    Checking defaults for OML/cmm/m/it on input line 22.
LaTeX Font Info:    ... okay on input line 22.
LaTeX Font Info:    Checking defaults for T1/cmr/m/n on input line 22.
LaTeX Font Info:    ... okay on input line 22.
LaTeX Font Info:    Checking defaults for OT1/cmr/m/n on input line 22.
LaTeX Font Info:    ... okay on input line 22.
LaTeX Font Info:    Checking defaults for OMS/cmsy/m/n on input line 22.
LaTeX Font Info:    ... okay on input line 22.
LaTeX Font Info:    Checking defaults for OMX/cmex/m/n on input line 22.
LaTeX Font Info:    ... okay on input line 22.
LaTeX Font Info:    Checking defaults for U/cmr/m/n on input line 22.
LaTeX Font Info:    ... okay on input line 22.
LaTeX Font Info:    Try loading font information for U+msa on input line 27.
 (/usr/share/texmf-texlive/tex/latex/amsfonts/umsa.fd
File: umsa.fd 2009/06/22 v3.00 AMS symbols A
)
LaTeX Font Info:    Try loading font information for U+msb on input line 27.

(/usr/share/texmf-texlive/tex/latex/amsfonts/umsb.fd
File: umsb.fd 2009/06/22 v3.00 AMS symbols B
)
\c@sv@footnote=\count129
 [1] [2]
Overfull \hbox (5.78055pt too wide) in paragraph at lines 91--96
\OT1/cmr/m/n/12 the ca-pa-bil-ity of mul-ti-class clas-si-fi-ca-tion and uni-ve
r-sal ap-prox-i-ma-tion[5][6][7][8].
 []


Underfull \vbox (badness 10000) has occurred while \output is active []

 [3]
Underfull \vbox (badness 10000) has occurred while \output is active []

 [4]
Overfull \hbox (6.03334pt too wide) in paragraph at lines 124--127
\OT1/cmr/m/n/12 feed-for-ward neu-ral net-workd(SLFNs) which ran-domly chooses 
the in-put weights
 []


Underfull \vbox (badness 2521) has occurred while \output is active []

 [5]
File: method.eps Graphic file (type eps)

<method.eps>
Overfull \hbox (30.79134pt too wide) in paragraph at lines 152--153
 [] 
 []


LaTeX Warning: `h' float specifier changed to `ht'.

[6]

! LaTeX Error: Command \AND already defined.
               Or name \end... illegal, see p.192 of the manual.

See the LaTeX manual or LaTeX Companion for explanation.
Type  H <return>  for immediate help.
 ...                                              
                                                  
l.211 \REQUIRE
               Given a training samples set
? 

Underfull \vbox (badness 3977) has occurred while \output is active []

 [7]
[8]
Overfull \hbox (5.78055pt too wide) in paragraph at lines 248--251
\OT1/cmr/m/n/12 the ca-pa-bil-ity of mul-ti-class clas-si-fi-ca-tion and uni-ve
r-sal ap-prox-i-ma-tion[5][6][7][8].
 []


Overfull \hbox (26.15033pt too wide) detected at line 266
\OT1/cmr/bx/n/12 H\OT1/cmr/m/n/12 (\OT1/cmr/bx/n/12 w[]\OML/cmm/m/it/12 ; :::; 
\OT1/cmr/bx/n/12 w[]\OML/cmm/m/it/12 ; b[]; :::; b[]; \OT1/cmr/bx/n/12 x[]\OML/
cmm/m/it/12 ; :::; \OT1/cmr/bx/n/12 x[]\OT1/cmr/m/n/12 ) = [][] \OML/cmm/m/it/1
2 ;
 []

[9]
Overfull \hbox (10.5681pt too wide) in paragraph at lines 285--287
[]\OT1/cmr/m/n/12 Every pair of time-series RS im-ages can be rep-re-sented as 
$\OML/cmm/m/it/12 d[] \OT1/cmr/m/n/12 = (\OML/cmm/m/it/12 I[]; I[]\OT1/cmr/m/n/
12 )\OML/cmm/m/it/12 ; i \OT1/cmr/m/n/12 =
 []


! LaTeX Error: Command \AND already defined.
               Or name \end... illegal, see p.192 of the manual.

See the LaTeX manual or LaTeX Companion for explanation.
Type  H <return>  for immediate help.
 ...                                              
                                                  
l.304 \REQUIRE
               number of hadoop job workers: $v$
? 

Underfull \vbox (badness 2521) has occurred while \output is active []

 [10]
File: tti.eps Graphic file (type eps)

<tti.eps>
Overfull \hbox (30.79134pt too wide) in paragraph at lines 322--323
 [] 
 []

File: samples.eps Graphic file (type eps)
<samples.eps>
Overfull \hbox (30.79134pt too wide) in paragraph at lines 332--333
 [] 
 []

File: itr.eps Graphic file (type eps)
<itr.eps>
Overfull \hbox (30.79134pt too wide) in paragraph at lines 350--351
 [] 
 []

[11]
File: tt.eps Graphic file (type eps)
 <tt.eps>
Overfull \hbox (30.79134pt too wide) in paragraph at lines 369--370
 [] 
 []

[12]
Overfull \hbox (67.33401pt too wide) in paragraph at lines 385--401
 [] 
 []


LaTeX Warning: `h' float specifier changed to `ht'.

(./paper.bbl
Underfull \vbox (badness 10000) has occurred while \output is active []

 [13]
Overfull \vbox (100.7453pt too high) has occurred while \output is active []


[14]
Missing character: There is no â in font cmr10!
Missing character: There is no € in font cmr10!
Missing character: There is no “ in font cmr10!

Underfull \hbox (badness 8113) in paragraph at lines 36--40
[]\OT1/cmr/m/n/10.95 R. Zhang, G.-B. Huang, N. Sun-darara-jan, and P. Saratchan
-dran,
 []

[15]
Missing character: There is no â in font cmr10!
Missing character: There is no € in font cmr10!
Missing character: There is no “ in font cmr10!

Underfull \hbox (badness 7081) in paragraph at lines 104--112
[]\OT1/cmr/m/n/10.95 Q. He, C. Du, Q. Wang, F. Zhuang, and Z. Shi, ``A par-al-l
el
 []

) [16] (./paper.aux)

LaTeX Warning: There were multiply-defined labels.

 ) 
Here is how much of TeX's memory you used:
 2514 strings out of 493849
 28415 string characters out of 1152846
 89722 words of memory out of 3000000
 5752 multiletter control sequences out of 15000+50000
 17518 words of font info for 72 fonts, out of 3000000 for 9000
 714 hyphenation exceptions out of 8191
 32i,9n,24p,554b,468s stack positions out of 5000i,500n,10000p,200000b,50000s

Output written on paper.dvi (16 pages, 52208 bytes).
