This is pdfTeX, Version 3.1415926-1.40.10 (TeX Live 2009/Debian) (format=latex 2012.3.30)  1 JUL 2012 21:21
entering extended mode
 %&-line parsing enabled.
**paper.tex
(./paper.tex
LaTeX2e <2009/09/24>
Babel <v3.8l> and hyphenation patterns for english, usenglishmax, dumylang, noh
yphenation, farsi, arabic, croatian, bulgarian, ukrainian, russian, czech, slov
ak, danish, dutch, finnish, french, basque, ngerman, german, german-x-2009-06-1
9, ngerman-x-2009-06-19, ibycus, monogreek, greek, ancientgreek, hungarian, san
skrit, italian, latin, latvian, lithuanian, mongolian2a, mongolian, bokmal, nyn
orsk, romanian, irish, coptic, serbian, turkish, welsh, esperanto, uppersorbian
, estonian, indonesian, interlingua, icelandic, kurmanji, slovenian, polish, po
rtuguese, spanish, galician, catalan, swedish, ukenglish, pinyin, loaded.
(./elsart.cls
Document Class: elsart 2001/01/05, 2.18: ELM2012
\@frontmatterwidth=\dimen102
\@bls=\dimen103
\eqntopsep=\skip41
\eqnarraycolsep=\dimen104
\labelwidthi=\dimen105
\labelwidthii=\dimen106
\labelwidthiii=\dimen107
\labelwidthiv=\dimen108
\@maxlistdepth=\count79
\eqnbaselineskip=\skip42
\eqnlineskip=\skip43
\mathindent=\dimen109
\rulepreskip=\dimen110
\rulepostskip=\dimen111
\c@section=\count80
\c@subsection=\count81
\c@subsubsection=\count82
\c@paragraph=\count83
\c@subparagraph=\count84
(/usr/share/texmf-texlive/tex/latex/base/latexsym.sty
Package: latexsym 1998/08/17 v2.2e Standard LaTeX package (lasy symbols)
\symlasy=\mathgroup4
LaTeX Font Info:    Overwriting symbol font `lasy' in version `bold'
(Font)                  U/lasy/m/n --> U/lasy/b/n on input line 47.
)
\c@thm=\count85
\c@alg=\count86
\c@algorithm=\count87
\c@note=\count88
\c@summ=\count89
\c@case=\count90
\@tempcntc=\count91
\c@figure=\count92
\c@table=\count93
\t@glob@notes=\toks14
\t@loc@notes=\toks15
\note@cnt=\count94
\corauth@text=\toks16
\email@text=\toks17
\url@text=\toks18
\c@corauth=\count95
\c@author=\count96
\n@author=\count97
\c@collab=\count98
\n@collab=\count99
\c@address=\count100
\sv@mathsurround=\dimen112
\sv@hyphenpenalty=\count101
\prev@elem=\count102
\cur@elem=\count103
\fm@box=\box26
\fm@size=\dimen113
\t@abstract=\box27
\t@keyword=\box28
\t@xtheight=\dimen114
\@logoheight=\dimen115
\@pubyear=\count104
\c@firstpage=\count105
\c@lastpage=\count106
\slashbox=\box29
LaTeX Font Info:    External font `cmex10' loaded for size
(Font)              <12> on input line 1378.
LaTeX Font Info:    External font `cmex10' loaded for size
(Font)              <8> on input line 1378.
LaTeX Font Info:    External font `cmex10' loaded for size
(Font)              <6> on input line 1378.
LaTeX Font Info:    Try loading font information for U+lasy on input line 1378.


(/usr/share/texmf-texlive/tex/latex/base/ulasy.fd
File: ulasy.fd 1998/08/17 v2.2e LaTeX symbol font definitions
)
\Slashbox=\box30
LaTeX Font Info:    External font `cmex10' loaded for size
(Font)              <14.4> on input line 1379.
LaTeX Font Info:    External font `cmex10' loaded for size
(Font)              <7> on input line 1379.
) (./setbmp.tex)
(./seteps.tex) (/usr/share/texmf-texlive/tex/latex/graphics/epsfig.sty
Package: epsfig 1999/02/16 v1.7a (e)psfig emulation (SPQR)

(/usr/share/texmf-texlive/tex/latex/graphics/graphicx.sty
Package: graphicx 1999/02/16 v1.0f Enhanced LaTeX Graphics (DPC,SPQR)

(/usr/share/texmf-texlive/tex/latex/graphics/keyval.sty
Package: keyval 1999/03/16 v1.13 key=value parser (DPC)
\KV@toks@=\toks19
)
(/usr/share/texmf-texlive/tex/latex/graphics/graphics.sty
Package: graphics 2009/02/05 v1.0o Standard LaTeX Graphics (DPC,SPQR)

(/usr/share/texmf-texlive/tex/latex/graphics/trig.sty
Package: trig 1999/03/16 v1.09 sin cos tan (DPC)
)
(/etc/texmf/tex/latex/config/graphics.cfg
File: graphics.cfg 2009/08/28 v1.8 graphics configuration of TeX Live
)
Package graphics Info: Driver file: dvips.def on input line 91.

(/usr/share/texmf-texlive/tex/latex/graphics/dvips.def
File: dvips.def 1999/02/16 v3.0i Driver-dependant file (DPC,SPQR)
))
\Gin@req@height=\dimen116
\Gin@req@width=\dimen117
)
\epsfxsize=\dimen118
\epsfysize=\dimen119
)
(/usr/share/texmf-texlive/tex/latex/subfigure/subfigure.sty
Package: subfigure 2002/03/15 v2.1.5 subfigure package


Package subfigure Warning: Your document class has a bad definition
 of \endfigure, most likely
 \let\endfigure=\end@float
 which has now been changed to
 \def\endfigure{\end@float}
 because otherwise subsequent changes to \end@float
 (like done by several packages changing float behaviour)
 can't take effect on \endfigure.
 Please complain to your document class author.


Package subfigure Warning: Your document class has a bad definition
 of \endtable, most likely
 \let\endtable=\end@float
 which has now been changed to
 \def\endtable{\end@float}
 because otherwise subsequent changes to \end@float
 (like done by several packages changing float behaviour)
 can't take effect on \endtable.
 Please complain to your document class author.

\subfigtopskip=\skip44
\subfigcapskip=\skip45
\subfigcaptopadj=\dimen120
\subfigbottomskip=\skip46
\subfigcapmargin=\dimen121
\subfiglabelskip=\skip47
\c@subfigure=\count107
\c@lofdepth=\count108
\c@subtable=\count109
\c@lotdepth=\count110
****************************************
* Local config file subfigure.cfg used *
****************************************
(/usr/share/texmf-texlive/tex/latex/subfigure/subfigure.cfg)
\subfig@top=\skip48
\subfig@bottom=\skip49
)
(/usr/share/texmf-texlive/tex/latex/tools/enumerate.sty
Package: enumerate 1999/03/05 v3.00 enumerate extensions (DPC)
\@enLab=\toks20
)
(/usr/share/texmf-texlive/tex/latex/amsmath/amsmath.sty
Package: amsmath 2000/07/18 v2.13 AMS math features
\@mathmargin=\skip50

For additional information on amsmath, use the `?' option.
(/usr/share/texmf-texlive/tex/latex/amsmath/amstext.sty
Package: amstext 2000/06/29 v2.01

(/usr/share/texmf-texlive/tex/latex/amsmath/amsgen.sty
File: amsgen.sty 1999/11/30 v2.0
\@emptytoks=\toks21
\ex@=\dimen122
))
(/usr/share/texmf-texlive/tex/latex/amsmath/amsbsy.sty
Package: amsbsy 1999/11/29 v1.2d
\pmbraise@=\dimen123
)
(/usr/share/texmf-texlive/tex/latex/amsmath/amsopn.sty
Package: amsopn 1999/12/14 v2.01 operator names
LaTeX Info: Redefining \operatorname on input line 58.
)
\inf@bad=\count111
LaTeX Info: Redefining \frac on input line 211.
\uproot@=\count112
\leftroot@=\count113
LaTeX Info: Redefining \overline on input line 307.
\classnum@=\count114
\DOTSCASE@=\count115
LaTeX Info: Redefining \ldots on input line 379.
LaTeX Info: Redefining \dots on input line 382.
LaTeX Info: Redefining \cdots on input line 467.
\Mathstrutbox@=\box31
\strutbox@=\box32
\big@size=\dimen124
LaTeX Font Info:    Redeclaring font encoding OML on input line 567.
LaTeX Font Info:    Redeclaring font encoding OMS on input line 568.
\macc@depth=\count116
\c@MaxMatrixCols=\count117
\dotsspace@=\muskip10
\c@parentequation=\count118
\dspbrk@lvl=\count119
\tag@help=\toks22
\row@=\count120
\column@=\count121
\maxfields@=\count122
\andhelp@=\toks23
\eqnshift@=\dimen125
\alignsep@=\dimen126
\tagshift@=\dimen127
\tagwidth@=\dimen128
\totwidth@=\dimen129
\lineht@=\dimen130
\@envbody=\toks24
\multlinegap=\skip51
\multlinetaggap=\skip52
\mathdisplay@stack=\toks25
LaTeX Info: Redefining \[ on input line 2666.
LaTeX Info: Redefining \] on input line 2667.
)
(/usr/share/texmf-texlive/tex/latex/amscls/amsthm.sty
Package: amsthm 2004/08/06 v2.20


! LaTeX Error: Command \theoremstyle already defined.
               Or name \end... illegal, see p.192 of the manual.

See the LaTeX manual or LaTeX Companion for explanation.
Type  H <return>  for immediate help.
 ...                                              
                                                  
l.76 }
      
? 
\thm@style=\toks26
\thm@bodyfont=\toks27
\thm@headfont=\toks28
\thm@notefont=\toks29
\thm@headpunct=\toks30
\thm@preskip=\skip53
\thm@postskip=\skip54
\thm@headsep=\skip55
\dth@everypar=\toks31
LaTeX Info: Redefining \qed on input line 283.
) (/usr/share/texmf-texlive/tex/latex/amsmath/amscd.sty
Package: amscd 1999/11/29 v1.2d
\athelp@=\toks32
\minaw@=\dimen131
\bigaw@=\dimen132
\minCDarrowwidth=\dimen133
)
(/usr/share/texmf-texlive/tex/latex/amsfonts/amssymb.sty
Package: amssymb 2009/06/22 v3.00

(/usr/share/texmf-texlive/tex/latex/amsfonts/amsfonts.sty
Package: amsfonts 2009/06/22 v3.00 Basic AMSFonts support
\symAMSa=\mathgroup5
\symAMSb=\mathgroup6
LaTeX Font Info:    Overwriting math alphabet `\mathfrak' in version `bold'
(Font)                  U/euf/m/n --> U/euf/b/n on input line 96.
))
(/usr/share/texmf-texlive/tex/latex/rotating/rotating.sty
Package: rotating 2009/03/28 v2.16a rotated objects in LaTeX

(/usr/share/texmf-texlive/tex/latex/base/ifthen.sty
Package: ifthen 2001/05/26 v1.1c Standard LaTeX ifthen package (DPC)
)
\c@r@tfl@t=\count123
\rotFPtop=\skip56
\rotFPbot=\skip57
\rot@float@box=\box33
\rot@mess@toks=\toks33
)
(/usr/share/texmf-texlive/tex/latex/algorithms/algorithmic.sty
Package: algorithmic 2009/08/24 v0.1 Document Style `algorithmic'
\c@ALC@unique=\count124
\c@ALC@line=\count125
\c@ALC@rem=\count126
\c@ALC@depth=\count127
\ALC@tlm=\skip58
\algorithmicindent=\skip59
)
(/usr/share/texmf-texlive/tex/latex/algorithms/algorithm.sty
Package: algorithm 2009/08/24 v0.1 Document Style `algorithm' - floating enviro
nment

(/usr/share/texmf-texlive/tex/latex/float/float.sty
Package: float 2001/11/08 v1.3d Float enhancements (AL)
\c@float@type=\count128
\float@exts=\toks34
\float@box=\box34
\@float@everytoks=\toks35
\@floatcapt=\box35
)
\@float@every@algorithm=\toks36
)
\c@definition=\count129
\c@lemma=\count130
\c@theorem=\count131
\c@corollary=\count132
 (./paper.aux

LaTeX Warning: Label `Fig.sub.2' multiply defined.


LaTeX Warning: Label `sub@Fig.sub.2' multiply defined.


LaTeX Warning: Label `method' multiply defined.


LaTeX Warning: Label `method' multiply defined.


LaTeX Warning: Label `Fig.sub.1' multiply defined.


LaTeX Warning: Label `sub@Fig.sub.1' multiply defined.


LaTeX Warning: Label `Fig.sub.2' multiply defined.


LaTeX Warning: Label `sub@Fig.sub.2' multiply defined.


LaTeX Warning: Label `Fig.lable' multiply defined.


LaTeX Warning: Label `method' multiply defined.


LaTeX Warning: Label `Fig.sub.1' multiply defined.


LaTeX Warning: Label `sub@Fig.sub.1' multiply defined.


LaTeX Warning: Label `Fig.sub.2' multiply defined.


LaTeX Warning: Label `sub@Fig.sub.2' multiply defined.


LaTeX Warning: Label `Fig.lable' multiply defined.


LaTeX Warning: Label `method' multiply defined.

)
\openout1 = `paper.aux'.

LaTeX Font Info:    Checking defaults for OML/cmm/m/it on input line 24.
LaTeX Font Info:    ... okay on input line 24.
LaTeX Font Info:    Checking defaults for T1/cmr/m/n on input line 24.
LaTeX Font Info:    ... okay on input line 24.
LaTeX Font Info:    Checking defaults for OT1/cmr/m/n on input line 24.
LaTeX Font Info:    ... okay on input line 24.
LaTeX Font Info:    Checking defaults for OMS/cmsy/m/n on input line 24.
LaTeX Font Info:    ... okay on input line 24.
LaTeX Font Info:    Checking defaults for OMX/cmex/m/n on input line 24.
LaTeX Font Info:    ... okay on input line 24.
LaTeX Font Info:    Checking defaults for U/cmr/m/n on input line 24.
LaTeX Font Info:    ... okay on input line 24.
LaTeX Font Info:    Try loading font information for U+msa on input line 29.
 (/usr/share/texmf-texlive/tex/latex/amsfonts/umsa.fd
File: umsa.fd 2009/06/22 v3.00 AMS symbols A
)
LaTeX Font Info:    Try loading font information for U+msb on input line 29.

(/usr/share/texmf-texlive/tex/latex/amsfonts/umsb.fd
File: umsb.fd 2009/06/22 v3.00 AMS symbols B
)
\c@sv@footnote=\count133
 [1] [2] [3]
Overfull \hbox (2.43893pt too wide) in paragraph at lines 145--147
[]\OT1/cmr/m/n/12 In this sec-tion, we de-scribe our ELM-based land-cover chang
e de-tec-tion method
 []

File: method.eps Graphic file (type eps)
<method.eps>
Overfull \hbox (30.79134pt too wide) in paragraph at lines 155--156
 [] 
 []

[4] [5]

! LaTeX Error: Command \AND already defined.
               Or name \end... illegal, see p.192 of the manual.

See the LaTeX manual or LaTeX Companion for explanation.
Type  H <return>  for immediate help.
 ...                                              
                                                  
l.225 \REQUIRE
               Given training sample set $\chi$, testing sample set $\psi$, ...

? 

Underfull \vbox (badness 10000) has occurred while \output is active []

 [6]
Overfull \hbox (55.30978pt too wide) detected at line 259
\OT1/cmr/bx/n/12 H\OT1/cmr/m/n/12 (\OT1/cmr/bx/n/12 w[]\OML/cmm/m/it/12 ; :::; 
\OT1/cmr/bx/n/12 w[]\OML/cmm/m/it/12 ; b[]; :::; b[]; \OT1/cmr/bx/n/12 x[]\OML/
cmm/m/it/12 ; :::; \OT1/cmr/bx/n/12 x[]\OT1/cmr/m/n/12 ) = [][] \OML/cmm/m/it/1
2 ;
 []


Underfull \vbox (badness 3668) has occurred while \output is active []

 [7]
File: bi.eps Graphic file (type eps)

<bi.eps>
File: ai.eps Graphic file (type eps)
 <ai.eps>
File: samples.eps Graphic file (type eps)
 <samples.eps>
Underfull \vbox (badness 5847) has occurred while \output is active []

 [8]
File: itr.eps Graphic file (type eps)

<itr.eps>
Underfull \vbox (badness 10000) has occurred while \output is active []

 [9]
File: tt.eps Graphic file (type eps)

<tt.eps>
Underfull \vbox (badness 10000) has occurred while \output is active []

 [10]
Overfull \hbox (4.06834pt too wide) in paragraph at lines 363--363
[]\OT1/cmr/m/n/8 Data
 []


Overfull \hbox (4.94933pt too wide) in paragraph at lines 363--363
[]\OT1/cmr/m/n/8 Training
 []


Overfull \hbox (0.73955pt too wide) in paragraph at lines 363--363
[]\OT1/cmr/m/n/8 Testing
 []


Underfull \hbox (badness 10000) in paragraph at lines 363--363
[]\OT1/cmr/m/n/8 Testing
 []


Overfull \hbox (4.94933pt too wide) in paragraph at lines 363--363
[]\OT1/cmr/m/n/8 Training
 []


Overfull \hbox (0.73955pt too wide) in paragraph at lines 363--363
[]\OT1/cmr/m/n/8 Testing
 []


Underfull \hbox (badness 10000) in paragraph at lines 363--363
[]\OT1/cmr/m/n/8 Testing
 []


Overfull \hbox (4.94933pt too wide) in paragraph at lines 363--363
[]\OT1/cmr/m/n/8 Training
 []


Overfull \hbox (0.73955pt too wide) in paragraph at lines 363--363
[]\OT1/cmr/m/n/8 Testing
 []


Underfull \hbox (badness 10000) in paragraph at lines 363--363
[]\OT1/cmr/m/n/8 Testing
 []


Overfull \hbox (2.50883pt too wide) in paragraph at lines 364--364
[]\OT1/cmr/m/n/8 97.3200%| 
 []


Overfull \hbox (2.50883pt too wide) in paragraph at lines 364--364
[]\OT1/cmr/m/n/8 93.4000%| 
 []


Overfull \hbox (2.50883pt too wide) in paragraph at lines 364--364
[]\OT1/cmr/m/n/8 95.8000%| 
 []


Overfull \hbox (2.50883pt too wide) in paragraph at lines 365--365
[]\OT1/cmr/m/n/8 97.1333%| 
 []


Overfull \hbox (2.50883pt too wide) in paragraph at lines 365--365
[]\OT1/cmr/m/n/8 93.6000%| 
 []


Overfull \hbox (2.50883pt too wide) in paragraph at lines 365--365
[]\OT1/cmr/m/n/8 92.7333%| 
 []


Overfull \hbox (2.77388pt too wide) in paragraph at lines 366--366
[]\OT1/cmr/m/n/8 1000| 
 []


Overfull \hbox (2.50883pt too wide) in paragraph at lines 366--366
[]\OT1/cmr/m/n/8 97.1000%| 
 []


Overfull \hbox (2.50883pt too wide) in paragraph at lines 366--366
[]\OT1/cmr/m/n/8 94.3000%| 
 []


Overfull \hbox (2.50883pt too wide) in paragraph at lines 366--366
[]\OT1/cmr/m/n/8 93.3300%| 
 []


Overfull \hbox (2.77388pt too wide) in paragraph at lines 367--367
[]\OT1/cmr/m/n/8 1250| 
 []


Overfull \hbox (2.50883pt too wide) in paragraph at lines 367--367
[]\OT1/cmr/m/n/8 97.1360%| 
 []


Overfull \hbox (2.50883pt too wide) in paragraph at lines 367--367
[]\OT1/cmr/m/n/8 94.5600%| 
 []


Overfull \hbox (2.50883pt too wide) in paragraph at lines 367--367
[]\OT1/cmr/m/n/8 95.7760%| 
 []


Overfull \hbox (2.77388pt too wide) in paragraph at lines 368--368
[]\OT1/cmr/m/n/8 1500| 
 []


Overfull \hbox (2.50883pt too wide) in paragraph at lines 368--368
[]\OT1/cmr/m/n/8 97.1733%| 
 []


Overfull \hbox (2.50883pt too wide) in paragraph at lines 368--368
[]\OT1/cmr/m/n/8 95.1333%| 
 []


Overfull \hbox (2.50883pt too wide) in paragraph at lines 368--368
[]\OT1/cmr/m/n/8 96.3467%| 
 []


Overfull \hbox (2.77388pt too wide) in paragraph at lines 369--369
[]\OT1/cmr/m/n/8 1750| 
 []


Overfull \hbox (2.50883pt too wide) in paragraph at lines 369--369
[]\OT1/cmr/m/n/8 97.1429%| 
 []


Overfull \hbox (2.50883pt too wide) in paragraph at lines 369--369
[]\OT1/cmr/m/n/8 95.1429%| 
 []


Overfull \hbox (2.50883pt too wide) in paragraph at lines 369--369
[]\OT1/cmr/m/n/8 95.7943%| 
 []


Overfull \hbox (2.77388pt too wide) in paragraph at lines 370--370
[]\OT1/cmr/m/n/8 2000| 
 []


Overfull \hbox (2.50883pt too wide) in paragraph at lines 370--370
[]\OT1/cmr/m/n/8 97.4150%| 
 []


Overfull \hbox (2.50883pt too wide) in paragraph at lines 370--370
[]\OT1/cmr/m/n/8 95.5000%| 
 []


Overfull \hbox (2.50883pt too wide) in paragraph at lines 370--370
[]\OT1/cmr/m/n/8 93.9900%| 
 []


Overfull \hbox (2.77388pt too wide) in paragraph at lines 371--371
[]\OT1/cmr/m/n/8 2250| 
 []


Overfull \hbox (2.50883pt too wide) in paragraph at lines 371--371
[]\OT1/cmr/m/n/8 97.3422%| 
 []


Overfull \hbox (2.50883pt too wide) in paragraph at lines 371--371
[]\OT1/cmr/m/n/8 95.1111%| 
 []


Overfull \hbox (2.50883pt too wide) in paragraph at lines 371--371
[]\OT1/cmr/m/n/8 96.4089%| 
 []


Overfull \hbox (2.77388pt too wide) in paragraph at lines 372--372
[]\OT1/cmr/m/n/8 2500| 
 []


Overfull \hbox (2.50883pt too wide) in paragraph at lines 372--372
[]\OT1/cmr/m/n/8 97.5560%| 
 []


Overfull \hbox (2.50883pt too wide) in paragraph at lines 372--372
[]\OT1/cmr/m/n/8 95.3200%| 
 []


Overfull \hbox (2.50883pt too wide) in paragraph at lines 372--372
[]\OT1/cmr/m/n/8 96.5120%| 
 []


Overfull \hbox (2.77388pt too wide) in paragraph at lines 373--373
[]\OT1/cmr/m/n/8 2750| 
 []


Overfull \hbox (2.50883pt too wide) in paragraph at lines 373--373
[]\OT1/cmr/m/n/8 97.5382%| 
 []


Overfull \hbox (2.50883pt too wide) in paragraph at lines 373--373
[]\OT1/cmr/m/n/8 95.2000%| 
 []


Overfull \hbox (2.50883pt too wide) in paragraph at lines 373--373
[]\OT1/cmr/m/n/8 95.9673%| 
 []


Overfull \hbox (2.77388pt too wide) in paragraph at lines 374--374
[]\OT1/cmr/m/n/8 3000| 
 []


Overfull \hbox (2.50883pt too wide) in paragraph at lines 374--374
[]\OT1/cmr/m/n/8 97.4500%| 
 []


Overfull \hbox (2.50883pt too wide) in paragraph at lines 374--374
[]\OT1/cmr/m/n/8 95.2333%| 
 []


Overfull \hbox (2.50883pt too wide) in paragraph at lines 374--374
[]\OT1/cmr/m/n/8 96.1267%| 
 []

[11]
File: bc.eps Graphic file (type eps)
 <bc.eps>
File: ac.eps Graphic file (type eps)
 <ac.eps>
File: dr.eps Graphic file (type eps)
 <dr.eps>
Underfull \vbox (badness 6445) has occurred while \output is active []

 [12]
File: bc2.eps Graphic file (type eps)

<bc2.eps>
File: ac2.eps Graphic file (type eps)
 <ac2.eps>
File: dr2.eps Graphic file (type eps)
 <dr2.eps>
Underfull \vbox (badness 10000) has occurred while \output is active []

 [13]
[14]
! Misplaced alignment tab character &.
l.514 60533040; and National Key Technology R&
                                              D Program No.
? 

Overfull \hbox (23.693pt too wide) in paragraph at lines 511--516
\OT1/cmr/m/n/12 and No. 60533040; and Na-tional Key Tech-nol-ogy RD Pro-gram No
. 2006BAH02A01. 
 []

(./paper.bbl [15]
Missing character: There is no â in font cmr10!
Missing character: There is no € in font cmr10!
Missing character: There is no “ in font cmr10!

Underfull \hbox (badness 8113) in paragraph at lines 64--68
[]\OT1/cmr/m/n/10.95 R. Zhang, G.-B. Huang, N. Sun-darara-jan, and P. Saratchan
-dran,
 []

[16]) [17] (./paper.aux)

LaTeX Warning: There were multiply-defined labels.

 ) 
Here is how much of TeX's memory you used:
 2686 strings out of 493849
 30701 string characters out of 1152846
 97546 words of memory out of 3000000
 5911 multiletter control sequences out of 15000+50000
 17518 words of font info for 72 fonts, out of 3000000 for 9000
 714 hyphenation exceptions out of 8191
 32i,10n,24p,320b,461s stack positions out of 5000i,500n,10000p,200000b,50000s

Output written on paper.dvi (17 pages, 46876 bytes).
